<?xml version="1.0" encoding="UTF-8"?>
<testsuite name="AppTest" tests="1" skipped="0" failures="0" errors="0" timestamp="2022-02-07T20:31:48" hostname="DESKTOP-5C4HFMI" time="0.051">
  <properties/>
  <testcase name="loanAppTest()" classname="AppTest" time="0.051"/>
  <system-out><![CDATA[]]></system-out>
  <system-err><![CDATA[]]></system-err>
</testsuite>
